1703031410479	geckodriver	INFO	Listening on 127.0.0.1:60890
1703031413573	mozrunner::runner	INFO	Running command: "C:\\Program Files\\Mozilla Firefox\\firefox.exe" "--marionette" "--remote-debugging-port" "60891" "--remote-allow-hosts" "localhost" "-no-remote" "-profile" "C:\\Users\\User\\AppData\\Local\\Temp\\rust_mozprofile5t25N3"
console.warn: services.settings: Ignoring preference override of remote settings server
console.warn: services.settings: Allow by setting MOZ_REMOTE_SETTINGS_DEVTOOLS=1 in the environment
1703031414092	Marionette	INFO	Marionette enabled
Dynamically enable window occlusion 0
1703031414165	Marionette	INFO	Listening on port 60900
WebDriver BiDi listening on ws://127.0.0.1:60891
Read port: 60900
1703031414347	RemoteAgent	WARN	TLS certificate errors will be ignored for this session
DevTools listening on ws://127.0.0.1:60891/devtools/browser/a94fc919-86f3-4614-b90a-1f263b25951e
JavaScript error: resource://gre/modules/XULStore.sys.mjs, line 60: Error: Can't find profile directory.
JavaScript error: https://cdn.ad.plus/player/adplus.js, line 414: TypeError: c(...).setup is not a function
1703031423782	Marionette	WARN	Ignoring event 'pageshow' because document has an invalid readyState of 'uninitialized'.
1703031424568	Marionette	WARN	Ignoring event 'pageshow' because document has an invalid readyState of 'uninitialized'.
JavaScript warning: https://pagead2.googlesyndication.com/bg/Dtt_-LR3WxpzwV0Gscftq1A_D1owstvxoTnWWhwY4Ow.js line 2 > eval line 411 > eval line 1 > eval line 1 > eval, line 1: WEBGL_debug_renderer_info is deprecated in Firefox and will be removed. Please use RENDERER.
1703031437901	Marionette	INFO	Stopped listening on port 60900
JavaScript warning: https://jsc.mgid.com/a/d/ad.plus.1461776.es6.js, line 109: Script terminated by timeout at:
Oi</_createWorker/</this.app.context._mgqi<@https://jsc.mgid.com/a/d/ad.plus.1461776.es6.js:109:37581

Dynamically enable window occlusion 1
JavaScript error: , line 0: TypeError: NetworkError when attempting to fetch resource.
JavaScript error: , line 0: TypeError: NetworkError when attempting to fetch resource.
1703033090116	geckodriver	INFO	Listening on 127.0.0.1:61546
1703033093189	mozrunner::runner	INFO	Running command: "C:\\Program Files\\Mozilla Firefox\\firefox.exe" "--marionette" "--remote-debugging-port" "61547" "--remote-allow-hosts" "localhost" "-no-remote" "-profile" "C:\\Users\\User\\AppData\\Local\\Temp\\rust_mozprofileZuH5DL"
console.warn: services.settings: Ignoring preference override of remote settings server
console.warn: services.settings: Allow by setting MOZ_REMOTE_SETTINGS_DEVTOOLS=1 in the environment
1703033093463	Marionette	INFO	Marionette enabled
Dynamically enable window occlusion 0
1703033093517	Marionette	INFO	Listening on port 61556
Read port: 61556
WebDriver BiDi listening on ws://127.0.0.1:61547
1703033093573	RemoteAgent	WARN	TLS certificate errors will be ignored for this session
DevTools listening on ws://127.0.0.1:61547/devtools/browser/34684d56-e0e8-4ece-b0c2-d7a7701f6775
JavaScript error: resource://gre/modules/XULStore.sys.mjs, line 60: Error: Can't find profile directory.
JavaScript error: https://cdn.ad.plus/player/adplus.js, line 414: TypeError: c(...).setup is not a function
1703033100183	Marionette	WARN	Ignoring event 'pageshow' because document has an invalid readyState of 'uninitialized'.
JavaScript warning: https://pagead2.googlesyndication.com/bg/Dtt_-LR3WxpzwV0Gscftq1A_D1owstvxoTnWWhwY4Ow.js line 2 > eval line 351 > eval line 1 > eval line 1 > eval, line 1: WEBGL_debug_renderer_info is deprecated in Firefox and will be removed. Please use RENDERER.
1703033112192	Marionette	INFO	Stopped listening on port 61556
JavaScript warning: https://jsc.mgid.com/a/d/ad.plus.1461777.es6.js, line 102: Script terminated by timeout at:
Oi</_createWorker/</this.app.context._mgqi<@https://jsc.mgid.com/a/d/ad.plus.1461777.es6.js:102:34320

JavaScript warning: https://tags.crwdcntrl.net/lt/c/16589/sync.min.js, line 1: Script terminated by timeout at:
sync16589_2.prototype.O/<@https://tags.crwdcntrl.net/lt/c/16589/sync.min.js:1:30610

Dynamically enable window occlusion 1
JavaScript error: , line 0: TypeError: NetworkError when attempting to fetch resource.
JavaScript error: , line 0: TypeError: NetworkError when attempting to fetch resource.
JavaScript error: , line 0: TypeError: NetworkError when attempting to fetch resource.
1703033304095	geckodriver	INFO	Listening on 127.0.0.1:61842
1703033307157	mozrunner::runner	INFO	Running command: "C:\\Program Files\\Mozilla Firefox\\firefox.exe" "--marionette" "--remote-debugging-port" "61843" "--remote-allow-hosts" "localhost" "-no-remote" "-profile" "C:\\Users\\User\\AppData\\Local\\Temp\\rust_mozprofileirdo78"
console.warn: services.settings: Ignoring preference override of remote settings server
console.warn: services.settings: Allow by setting MOZ_REMOTE_SETTINGS_DEVTOOLS=1 in the environment
1703033307427	Marionette	INFO	Marionette enabled
Dynamically enable window occlusion 0
1703033307483	Marionette	INFO	Listening on port 61851
WebDriver BiDi listening on ws://127.0.0.1:61843
Read port: 61851
1703033307657	RemoteAgent	WARN	TLS certificate errors will be ignored for this session
DevTools listening on ws://127.0.0.1:61843/devtools/browser/2f3658ce-f0f5-4142-8ac7-79e0a666b576
JavaScript error: resource://gre/modules/XULStore.sys.mjs, line 60: Error: Can't find profile directory.
JavaScript error: https://cdn.ad.plus/player/adplus.js, line 414: TypeError: c(...).setup is not a function
1703033313397	Marionette	WARN	Ignoring event 'pageshow' because document has an invalid readyState of 'uninitialized'.
1703033314496	Marionette	WARN	Ignoring event 'pageshow' because document has an invalid readyState of 'uninitialized'.
JavaScript warning: https://pagead2.googlesyndication.com/bg/Dtt_-LR3WxpzwV0Gscftq1A_D1owstvxoTnWWhwY4Ow.js line 2 > eval line 4473 > eval line 1 > eval line 1 > eval, line 1: WEBGL_debug_renderer_info is deprecated in Firefox and will be removed. Please use RENDERER.
1703033319394	Marionette	INFO	Stopped listening on port 61851
JavaScript warning: https://jsc.mgid.com/a/d/ad.plus.1461777.es6.js, line 102: Script terminated by timeout at:
Oi</_createWorker/</this.app.context._mgqi<@https://jsc.mgid.com/a/d/ad.plus.1461777.es6.js:102:34100

JavaScript warning: https://tags.crwdcntrl.net/lt/c/16589/sync.min.js, line 1: Script terminated by timeout at:
get@https://tags.crwdcntrl.net/lt/c/16589/sync.min.js:1:22121
sync16589_2.prototype.O@https://tags.crwdcntrl.net/lt/c/16589/sync.min.js:1:30572
sync16589_2.prototype.O/<@https://tags.crwdcntrl.net/lt/c/16589/sync.min.js:1:30612

Dynamically enable window occlusion 1
JavaScript error: , line 0: TypeError: NetworkError when attempting to fetch resource.
JavaScript error: , line 0: TypeError: NetworkError when attempting to fetch resource.
JavaScript error: , line 0: TypeError: NetworkError when attempting to fetch resource.
1703033581922	geckodriver	INFO	Listening on 127.0.0.1:62160
1703033584984	mozrunner::runner	INFO	Running command: "C:\\Program Files\\Mozilla Firefox\\firefox.exe" "--marionette" "--remote-debugging-port" "62161" "--remote-allow-hosts" "localhost" "-no-remote" "-profile" "C:\\Users\\User\\AppData\\Local\\Temp\\rust_mozprofilejfH5dt"
console.warn: services.settings: Ignoring preference override of remote settings server
console.warn: services.settings: Allow by setting MOZ_REMOTE_SETTINGS_DEVTOOLS=1 in the environment
1703033585257	Marionette	INFO	Marionette enabled
Dynamically enable window occlusion 0
1703033585313	Marionette	INFO	Listening on port 62168
Read port: 62168
WebDriver BiDi listening on ws://127.0.0.1:62161
1703033585370	RemoteAgent	WARN	TLS certificate errors will be ignored for this session
DevTools listening on ws://127.0.0.1:62161/devtools/browser/8cb7a8d7-0478-4d7f-9ec3-fab1e2f645a8
JavaScript error: resource://gre/modules/XULStore.sys.mjs, line 60: Error: Can't find profile directory.
JavaScript error: https://cdn.ad.plus/player/adplus.js, line 414: TypeError: c(...).setup is not a function
1703033591069	Marionette	WARN	Ignoring event 'pageshow' because document has an invalid readyState of 'uninitialized'.
1703033592114	Marionette	WARN	Ignoring event 'pageshow' because document has an invalid readyState of 'uninitialized'.
JavaScript warning: https://pagead2.googlesyndication.com/bg/Dtt_-LR3WxpzwV0Gscftq1A_D1owstvxoTnWWhwY4Ow.js line 2 > eval line 5817 > eval line 1 > eval line 1 > eval, line 1: WEBGL_debug_renderer_info is deprecated in Firefox and will be removed. Please use RENDERER.
1703033597582	Marionette	INFO	Stopped listening on port 62168
JavaScript warning: https://jsc.mgid.com/a/d/ad.plus.1461777.es6.js, line 102: Script terminated by timeout at:
Fi</C.prototype.initTCFv2Proxy@https://jsc.mgid.com/a/d/ad.plus.1461777.es6.js:102:34840
Fi</C.prototype.tcfv2Api/nr</s<@https://jsc.mgid.com/a/d/ad.plus.1461777.es6.js:102:36474

JavaScript warning: https://tags.crwdcntrl.net/lt/c/16589/sync.min.js, line 1: Script terminated by timeout at:
get@https://tags.crwdcntrl.net/lt/c/16589/sync.min.js:1:22121
sync16589_2.prototype.O@https://tags.crwdcntrl.net/lt/c/16589/sync.min.js:1:30572
sync16589_2.prototype.O/<@https://tags.crwdcntrl.net/lt/c/16589/sync.min.js:1:30612

Dynamically enable window occlusion 1
JavaScript error: , line 0: TypeError: NetworkError when attempting to fetch resource.
JavaScript error: , line 0: TypeError: NetworkError when attempting to fetch resource.
JavaScript error: , line 0: TypeError: NetworkError when attempting to fetch resource.
1703033812192	geckodriver	INFO	Listening on 127.0.0.1:62458
1703033815285	mozrunner::runner	INFO	Running command: "C:\\Program Files\\Mozilla Firefox\\firefox.exe" "--marionette" "--remote-debugging-port" "62459" "--remote-allow-hosts" "localhost" "-no-remote" "-profile" "C:\\Users\\User\\AppData\\Local\\Temp\\rust_mozprofileJyRlzP"
console.warn: services.settings: Ignoring preference override of remote settings server
console.warn: services.settings: Allow by setting MOZ_REMOTE_SETTINGS_DEVTOOLS=1 in the environment
1703033815549	Marionette	INFO	Marionette enabled
Dynamically enable window occlusion 0
1703033815605	Marionette	INFO	Listening on port 62466
Read port: 62466
WebDriver BiDi listening on ws://127.0.0.1:62459
1703033815658	RemoteAgent	WARN	TLS certificate errors will be ignored for this session
DevTools listening on ws://127.0.0.1:62459/devtools/browser/4f24c24c-4269-48ab-b9b4-db5b70030837
JavaScript error: resource://gre/modules/XULStore.sys.mjs, line 60: Error: Can't find profile directory.
JavaScript error: https://cdn.ad.plus/player/adplus.js, line 414: TypeError: c(...).setup is not a function
1703033821801	Marionette	WARN	Ignoring event 'pageshow' because document has an invalid readyState of 'uninitialized'.
JavaScript warning: https://pagead2.googlesyndication.com/bg/Dtt_-LR3WxpzwV0Gscftq1A_D1owstvxoTnWWhwY4Ow.js line 2 > eval line 7521 > eval line 1 > eval line 1 > eval, line 1: WEBGL_debug_renderer_info is deprecated in Firefox and will be removed. Please use RENDERER.
1703033829573	Marionette	INFO	Stopped listening on port 62466
JavaScript warning: https://jsc.mgid.com/a/d/ad.plus.1461777.es6.js, line 102: Script terminated by timeout at:
Oi</_createWorker/</this.app.context._mgqi<@https://jsc.mgid.com/a/d/ad.plus.1461777.es6.js:102:34100

JavaScript warning: https://tags.crwdcntrl.net/lt/c/16589/sync.min.js, line 1: Script terminated by timeout at:
sync16589_2.prototype.O/<@https://tags.crwdcntrl.net/lt/c/16589/sync.min.js:1:30610

Dynamically enable window occlusion 1
JavaScript error: , line 0: TypeError: NetworkError when attempting to fetch resource.
JavaScript error: , line 0: TypeError: NetworkError when attempting to fetch resource.
JavaScript error: , line 0: TypeError: NetworkError when attempting to fetch resource.
1703033942727	geckodriver	INFO	Listening on 127.0.0.1:62730
1703033945803	mozrunner::runner	INFO	Running command: "C:\\Program Files\\Mozilla Firefox\\firefox.exe" "--marionette" "--remote-debugging-port" "62731" "--remote-allow-hosts" "localhost" "-no-remote" "-profile" "C:\\Users\\User\\AppData\\Local\\Temp\\rust_mozprofileI2Yked"
console.warn: services.settings: Ignoring preference override of remote settings server
console.warn: services.settings: Allow by setting MOZ_REMOTE_SETTINGS_DEVTOOLS=1 in the environment
1703033946073	Marionette	INFO	Marionette enabled
Dynamically enable window occlusion 0
1703033946129	Marionette	INFO	Listening on port 62740
WebDriver BiDi listening on ws://127.0.0.1:62731
Read port: 62740
1703033946259	RemoteAgent	WARN	TLS certificate errors will be ignored for this session
DevTools listening on ws://127.0.0.1:62731/devtools/browser/713660cb-0af3-4b78-a48c-ebf677075c4f
JavaScript error: resource://gre/modules/XULStore.sys.mjs, line 60: Error: Can't find profile directory.
JavaScript error: https://cdn.ad.plus/player/adplus.js, line 414: TypeError: c(...).setup is not a function
1703033952756	Marionette	WARN	Ignoring event 'pageshow' because document has an invalid readyState of 'uninitialized'.
1703033953452	Marionette	WARN	Ignoring event 'pageshow' because document has an invalid readyState of 'uninitialized'.
JavaScript warning: https://pagead2.googlesyndication.com/bg/Dtt_-LR3WxpzwV0Gscftq1A_D1owstvxoTnWWhwY4Ow.js line 2 > eval line 886 > eval line 1 > eval line 1 > eval, line 1: WEBGL_debug_renderer_info is deprecated in Firefox and will be removed. Please use RENDERER.
1703033954286	Marionette	INFO	Stopped listening on port 62740
JavaScript warning: https://jsc.mgid.com/a/d/ad.plus.1461776.es6.js, line 109: Script terminated by timeout at:
Oi</_createWorker/</this.app.context._mgqi<@https://jsc.mgid.com/a/d/ad.plus.1461776.es6.js:109:37361

JavaScript warning: https://tags.crwdcntrl.net/lt/c/16589/sync.min.js, line 1: Script terminated by timeout at:
sync16589_2.prototype.O/<@https://tags.crwdcntrl.net/lt/c/16589/sync.min.js:1:30610

Dynamically enable window occlusion 1
JavaScript error: , line 0: TypeError: NetworkError when attempting to fetch resource.
JavaScript error: , line 0: TypeError: NetworkError when attempting to fetch resource.
1703035997076	geckodriver	INFO	Listening on 127.0.0.1:63436
1703036000134	mozrunner::runner	INFO	Running command: "C:\\Program Files\\Mozilla Firefox\\firefox.exe" "--marionette" "--remote-debugging-port" "63437" "--remote-allow-hosts" "localhost" "-no-remote" "-profile" "C:\\Users\\User\\AppData\\Local\\Temp\\rust_mozprofileYT61Qi"
console.warn: services.settings: Ignoring preference override of remote settings server
console.warn: services.settings: Allow by setting MOZ_REMOTE_SETTINGS_DEVTOOLS=1 in the environment
1703036000467	Marionette	INFO	Marionette enabled
Dynamically enable window occlusion 0
1703036000521	Marionette	INFO	Listening on port 63445
WebDriver BiDi listening on ws://127.0.0.1:63437
Read port: 63445
1703036000674	RemoteAgent	WARN	TLS certificate errors will be ignored for this session
DevTools listening on ws://127.0.0.1:63437/devtools/browser/7589501f-8f85-4146-879c-c1d20987427f
JavaScript error: resource://gre/modules/XULStore.sys.mjs, line 60: Error: Can't find profile directory.
JavaScript error: https://cdn.ad.plus/player/adplus.js, line 414: TypeError: c(...).setup is not a function
1703036006741	Marionette	WARN	Ignoring event 'pageshow' because document has an invalid readyState of 'uninitialized'.
1703036007456	Marionette	WARN	Ignoring event 'pageshow' because document has an invalid readyState of 'uninitialized'.
JavaScript warning: https://pagead2.googlesyndication.com/bg/Dtt_-LR3WxpzwV0Gscftq1A_D1owstvxoTnWWhwY4Ow.js line 2 > eval line 5424 > eval line 1 > eval line 1 > eval, line 1: WEBGL_debug_renderer_info is deprecated in Firefox and will be removed. Please use RENDERER.
1703036010134	Marionette	INFO	Stopped listening on port 63445
JavaScript warning: https://tags.crwdcntrl.net/lt/c/16589/sync.min.js, line 1: Script terminated by timeout at:
sync16589_2.prototype.O/<@https://tags.crwdcntrl.net/lt/c/16589/sync.min.js:1:30610

JavaScript warning: https://pagead2.googlesyndication.com/bg/Dtt_-LR3WxpzwV0Gscftq1A_D1owstvxoTnWWhwY4Ow.js line 2 > eval line 5424 > eval line 1 > eval line 1 > eval, line 1: Script terminated by timeout at:
O@https://pagead2.googlesyndication.com/bg/Dtt_-LR3WxpzwV0Gscftq1A_D1owstvxoTnWWhwY4Ow.js line 2 > eval line 5424 > eval line 1 > eval line 1 > eval:1:24
@https://pagead2.googlesyndication.com/bg/Dtt_-LR3WxpzwV0Gscftq1A_D1owstvxoTnWWhwY4Ow.js line 2 > eval line 5424 > eval line 1 > eval line 1 > eval:1:104
NA@https://pagead2.googlesyndication.com/bg/Dtt_-LR3WxpzwV0Gscftq1A_D1owstvxoTnWWhwY4Ow.js line 2 > eval line 5424 > eval line 1 > eval line 1 > eval:1:221
A8@https://pagead2.googlesyndication.com/bg/Dtt_-LR3WxpzwV0Gscftq1A_D1owstvxoTnWWhwY4Ow.js line 2 > eval line 5424 > eval line 1 > eval line 1 > eval:1:42
@https://pagead2.googlesyndication.com/bg/Dtt_-LR3WxpzwV0Gscftq1A_D1owstvxoTnWWhwY4Ow.js line 2 > eval:5424:37563
tP@https://pagead2.googlesyndication.com/bg/Dtt_-LR3WxpzwV0Gscftq1A_D1owstvxoTnWWhwY4Ow.js line 2 > eval:5424:17049
G@https://pagead2.googlesyndication.com/bg/Dtt_-LR3WxpzwV0Gscftq1A_D1owstvxoTnWWhwY4Ow.js line 2 > eval:5424:3744
a@https://pagead2.googlesyndication.com/bg/Dtt_-LR3WxpzwV0Gscftq1A_D1owstvxoTnWWhwY4Ow.js line 2 > eval:5424:13283
G/<@https://pagead2.googlesyndication.com/bg/Dtt_-LR3WxpzwV0Gscftq1A_D1owstvxoTnWWhwY4Ow.js line 2 > eval:5424:3809
$J</<@https://pagead2.googlesyndication.com/bg/Dtt_-LR3WxpzwV0Gscftq1A_D1owstvxoTnWWhwY4Ow.js line 2 > eval:5424:35215

Dynamically enable window occlusion 1
JavaScript error: , line 0: TypeError: NetworkError when attempting to fetch resource.
JavaScript error: , line 0: TypeError: NetworkError when attempting to fetch resource.
JavaScript error: , line 0: TypeError: NetworkError when attempting to fetch resource.
1703036086136	geckodriver	INFO	Listening on 127.0.0.1:63704
1703036089211	mozrunner::runner	INFO	Running command: "C:\\Program Files\\Mozilla Firefox\\firefox.exe" "--marionette" "--remote-debugging-port" "63705" "--remote-allow-hosts" "localhost" "-no-remote" "-profile" "C:\\Users\\User\\AppData\\Local\\Temp\\rust_mozprofilesANy8C"
console.warn: services.settings: Ignoring preference override of remote settings server
console.warn: services.settings: Allow by setting MOZ_REMOTE_SETTINGS_DEVTOOLS=1 in the environment
1703036089499	Marionette	INFO	Marionette enabled
Dynamically enable window occlusion 0
1703036089555	Marionette	INFO	Listening on port 63713
WebDriver BiDi listening on ws://127.0.0.1:63705
Read port: 63713
1703036089705	RemoteAgent	WARN	TLS certificate errors will be ignored for this session
DevTools listening on ws://127.0.0.1:63705/devtools/browser/98e4e7d7-c93b-4ae5-9688-92023d2dc91f
JavaScript error: resource://gre/modules/XULStore.sys.mjs, line 60: Error: Can't find profile directory.
JavaScript error: https://cdn.ad.plus/player/adplus.js, line 414: TypeError: c(...).setup is not a function
1703036095824	Marionette	WARN	Ignoring event 'pageshow' because document has an invalid readyState of 'uninitialized'.
1703036096770	Marionette	WARN	Ignoring event 'pageshow' because document has an invalid readyState of 'uninitialized'.
JavaScript warning: https://pagead2.googlesyndication.com/bg/Dtt_-LR3WxpzwV0Gscftq1A_D1owstvxoTnWWhwY4Ow.js line 2 > eval line 2775 > eval line 1 > eval line 1 > eval, line 1: WEBGL_debug_renderer_info is deprecated in Firefox and will be removed. Please use RENDERER.
1703036097863	Marionette	INFO	Stopped listening on port 63713
JavaScript warning: https://tags.crwdcntrl.net/lt/c/16589/sync.min.js, line 1: Script terminated by timeout at:
sync16589_2.prototype.O/<@https://tags.crwdcntrl.net/lt/c/16589/sync.min.js:1:30610

JavaScript warning: https://pagead2.googlesyndication.com/bg/Dtt_-LR3WxpzwV0Gscftq1A_D1owstvxoTnWWhwY4Ow.js line 2 > eval line 2775 > eval line 1 > eval line 1 > eval, line 1: Script terminated by timeout at:
O@https://pagead2.googlesyndication.com/bg/Dtt_-LR3WxpzwV0Gscftq1A_D1owstvxoTnWWhwY4Ow.js line 2 > eval line 2775 > eval line 1 > eval line 1 > eval:1:24
@https://pagead2.googlesyndication.com/bg/Dtt_-LR3WxpzwV0Gscftq1A_D1owstvxoTnWWhwY4Ow.js line 2 > eval line 2775 > eval line 1 > eval line 1 > eval:1:104
NA@https://pagead2.googlesyndication.com/bg/Dtt_-LR3WxpzwV0Gscftq1A_D1owstvxoTnWWhwY4Ow.js line 2 > eval line 2775 > eval line 1 > eval line 1 > eval:1:221
A8@https://pagead2.googlesyndication.com/bg/Dtt_-LR3WxpzwV0Gscftq1A_D1owstvxoTnWWhwY4Ow.js line 2 > eval line 2775 > eval line 1 > eval line 1 > eval:1:42
@https://pagead2.googlesyndication.com/bg/Dtt_-LR3WxpzwV0Gscftq1A_D1owstvxoTnWWhwY4Ow.js line 2 > eval:2775:37563
tP@https://pagead2.googlesyndication.com/bg/Dtt_-LR3WxpzwV0Gscftq1A_D1owstvxoTnWWhwY4Ow.js line 2 > eval:2775:17049
G@https://pagead2.googlesyndication.com/bg/Dtt_-LR3WxpzwV0Gscftq1A_D1owstvxoTnWWhwY4Ow.js line 2 > eval:2775:3744
a@https://pagead2.googlesyndication.com/bg/Dtt_-LR3WxpzwV0Gscftq1A_D1owstvxoTnWWhwY4Ow.js line 2 > eval:2775:13283
G/<@https://pagead2.googlesyndication.com/bg/Dtt_-LR3WxpzwV0Gscftq1A_D1owstvxoTnWWhwY4Ow.js line 2 > eval:2775:3809
$J</<@https://pagead2.googlesyndication.com/bg/Dtt_-LR3WxpzwV0Gscftq1A_D1owstvxoTnWWhwY4Ow.js line 2 > eval:2775:35215

Dynamically enable window occlusion 1
JavaScript error: , line 0: TypeError: NetworkError when attempting to fetch resource.
JavaScript error: , line 0: TypeError: NetworkError when attempting to fetch resource.
1703036331942	geckodriver	INFO	Listening on 127.0.0.1:65121
1703036334993	mozrunner::runner	INFO	Running command: "C:\\Program Files\\Mozilla Firefox\\firefox.exe" "--marionette" "--remote-debugging-port" "65122" "--remote-allow-hosts" "localhost" "-no-remote" "-profile" "C:\\Users\\User\\AppData\\Local\\Temp\\rust_mozprofileZorNrd"
console.warn: services.settings: Ignoring preference override of remote settings server
console.warn: services.settings: Allow by setting MOZ_REMOTE_SETTINGS_DEVTOOLS=1 in the environment
1703036335269	Marionette	INFO	Marionette enabled
Dynamically enable window occlusion 0
1703036335324	Marionette	INFO	Listening on port 65130
Read port: 65130
WebDriver BiDi listening on ws://127.0.0.1:65122
1703036335382	RemoteAgent	WARN	TLS certificate errors will be ignored for this session
DevTools listening on ws://127.0.0.1:65122/devtools/browser/7681695d-a10d-47cb-9839-230c1a120819
JavaScript error: resource://gre/modules/XULStore.sys.mjs, line 60: Error: Can't find profile directory.
JavaScript error: https://cdn.ad.plus/player/adplus.js, line 414: TypeError: c(...).setup is not a function
1703036341408	Marionette	WARN	Ignoring event 'pageshow' because document has an invalid readyState of 'uninitialized'.
JavaScript warning: https://www.googletagmanager.com/gtag/js?id=G-MVRXK93D28&l=dataLayer&cx=c, line 355: Script terminated by timeout at:
jp@https://www.googletagmanager.com/gtag/js?id=G-MVRXK93D28&l=dataLayer&cx=c:355:490
fq@https://www.googletagmanager.com/gtag/js?id=G-MVRXK93D28&l=dataLayer&cx=c:358:766
lG/<@https://www.googletagmanager.com/gtag/js?id=G-MVRXK93D28&l=dataLayer&cx=c:528:178
aa.Jk/<@https://www.googletagmanager.com/gtag/js?id=G-MVRXK93D28&l=dataLayer&cx=c:479:126
aa.Jk/c/<@https://www.googletagmanager.com/gtag/js?id=G-MVRXK93D28&l=dataLayer&cx=c:478:420

1703036353816	Marionette	INFO	Stopped listening on port 65130
Dynamically enable window occlusion 1
JavaScript error: , line 0: TypeError: NetworkError when attempting to fetch resource.
1703036381654	geckodriver	INFO	Listening on 127.0.0.1:65418
1703036384734	mozrunner::runner	INFO	Running command: "C:\\Program Files\\Mozilla Firefox\\firefox.exe" "--marionette" "--remote-debugging-port" "65419" "--remote-allow-hosts" "localhost" "-no-remote" "-profile" "C:\\Users\\User\\AppData\\Local\\Temp\\rust_mozprofileDQssGV"
console.warn: services.settings: Ignoring preference override of remote settings server
console.warn: services.settings: Allow by setting MOZ_REMOTE_SETTINGS_DEVTOOLS=1 in the environment
1703036385004	Marionette	INFO	Marionette enabled
Dynamically enable window occlusion 0
1703036385060	Marionette	INFO	Listening on port 65426
Read port: 65426
WebDriver BiDi listening on ws://127.0.0.1:65419
1703036385113	RemoteAgent	WARN	TLS certificate errors will be ignored for this session
DevTools listening on ws://127.0.0.1:65419/devtools/browser/92cdfaa2-d41f-413e-a428-287f5393210b
JavaScript error: resource://gre/modules/XULStore.sys.mjs, line 60: Error: Can't find profile directory.
JavaScript error: https://cdn.ad.plus/player/adplus.js, line 414: TypeError: c(...).setup is not a function
1703036391406	Marionette	WARN	Ignoring event 'pageshow' because document has an invalid readyState of 'uninitialized'.
JavaScript warning: https://pagead2.googlesyndication.com/bg/Dtt_-LR3WxpzwV0Gscftq1A_D1owstvxoTnWWhwY4Ow.js line 2 > eval line 338 > eval line 1 > eval line 1 > eval, line 1: WEBGL_debug_renderer_info is deprecated in Firefox and will be removed. Please use RENDERER.
JavaScript error: https://demoqa.com/bundle.js, line 79: InternalError: too much recursion
1703036402533	Marionette	WARN	TimedPromise timed out after 500 ms: stacktrace:
TimedPromise/<@chrome://remote/content/marionette/sync.sys.mjs:219:24
TimedPromise@chrome://remote/content/marionette/sync.sys.mjs:203:10
interaction.flushEventLoop@chrome://remote/content/marionette/interaction.sys.mjs:466:10
webdriverClickElement@chrome://remote/content/marionette/interaction.sys.mjs:219:33
1703036402982	Marionette	INFO	Stopped listening on port 65426
JavaScript warning: https://jsc.mgid.com/a/d/ad.plus.1461776.es6.js, line 237: Script terminated by timeout at:
Vs</_init/t<@https://jsc.mgid.com/a/d/ad.plus.1461776.es6.js:237:15335

JavaScript warning: https://tags.crwdcntrl.net/lt/c/16589/sync.min.js, line 1: Script terminated by timeout at:
get@https://tags.crwdcntrl.net/lt/c/16589/sync.min.js:1:22121
sync16589_2.prototype.O@https://tags.crwdcntrl.net/lt/c/16589/sync.min.js:1:30572
sync16589_2.prototype.O/<@https://tags.crwdcntrl.net/lt/c/16589/sync.min.js:1:30612

Dynamically enable window occlusion 1
JavaScript error: , line 0: TypeError: NetworkError when attempting to fetch resource.
JavaScript error: , line 0: TypeError: NetworkError when attempting to fetch resource.
1703036517781	geckodriver	INFO	Listening on 127.0.0.1:49350
1703036520865	mozrunner::runner	INFO	Running command: "C:\\Program Files\\Mozilla Firefox\\firefox.exe" "--marionette" "--remote-debugging-port" "49351" "--remote-allow-hosts" "localhost" "-no-remote" "-profile" "C:\\Users\\User\\AppData\\Local\\Temp\\rust_mozprofileYGwekM"
console.warn: services.settings: Ignoring preference override of remote settings server
console.warn: services.settings: Allow by setting MOZ_REMOTE_SETTINGS_DEVTOOLS=1 in the environment
1703036521130	Marionette	INFO	Marionette enabled
Dynamically enable window occlusion 0
1703036521185	Marionette	INFO	Listening on port 49358
WebDriver BiDi listening on ws://127.0.0.1:49351
Read port: 49358
1703036521313	RemoteAgent	WARN	TLS certificate errors will be ignored for this session
DevTools listening on ws://127.0.0.1:49351/devtools/browser/c7b3fa73-96e8-4096-a51d-cdbbdd2e24dd
JavaScript error: resource://gre/modules/XULStore.sys.mjs, line 60: Error: Can't find profile directory.
JavaScript error: https://cdn.ad.plus/player/adplus.js, line 414: TypeError: c(...).setup is not a function
1703036527317	Marionette	WARN	Ignoring event 'pageshow' because document has an invalid readyState of 'uninitialized'.
JavaScript warning: https://pagead2.googlesyndication.com/bg/Dtt_-LR3WxpzwV0Gscftq1A_D1owstvxoTnWWhwY4Ow.js line 2 > eval line 3479 > eval line 1 > eval line 1 > eval, line 1: WEBGL_debug_renderer_info is deprecated in Firefox and will be removed. Please use RENDERER.
1703036542016	Marionette	WARN	TimedPromise timed out after 500 ms: stacktrace:
TimedPromise/<@chrome://remote/content/marionette/sync.sys.mjs:219:24
TimedPromise@chrome://remote/content/marionette/sync.sys.mjs:203:10
interaction.flushEventLoop@chrome://remote/content/marionette/interaction.sys.mjs:466:10
webdriverClickElement@chrome://remote/content/marionette/interaction.sys.mjs:219:33
1703036542442	Marionette	INFO	Stopped listening on port 49358
JavaScript warning: https://jsc.mgid.com/a/d/ad.plus.1461776.es6.js, line 109: Script terminated by timeout at:
Oi</_createWorker/</this.app.context._mgqi<@https://jsc.mgid.com/a/d/ad.plus.1461776.es6.js:109:37581

Dynamically enable window occlusion 1
JavaScript error: , line 0: TypeError: NetworkError when attempting to fetch resource.
1703036690580	geckodriver	INFO	Listening on 127.0.0.1:49651
1703036693613	mozrunner::runner	INFO	Running command: "C:\\Program Files\\Mozilla Firefox\\firefox.exe" "--marionette" "--remote-debugging-port" "49652" "--remote-allow-hosts" "localhost" "-no-remote" "-profile" "C:\\Users\\User\\AppData\\Local\\Temp\\rust_mozprofilePTpKJp"
console.warn: services.settings: Ignoring preference override of remote settings server
console.warn: services.settings: Allow by setting MOZ_REMOTE_SETTINGS_DEVTOOLS=1 in the environment
1703036693888	Marionette	INFO	Marionette enabled
Dynamically enable window occlusion 0
1703036693947	Marionette	INFO	Listening on port 49661
WebDriver BiDi listening on ws://127.0.0.1:49652
Read port: 49661
1703036694143	RemoteAgent	WARN	TLS certificate errors will be ignored for this session
DevTools listening on ws://127.0.0.1:49652/devtools/browser/465f154c-6b49-4ca2-909e-8216e09762b5
JavaScript error: resource://gre/modules/XULStore.sys.mjs, line 60: Error: Can't find profile directory.
JavaScript error: https://cdn.ad.plus/player/adplus.js, line 414: TypeError: c(...).setup is not a function
1703036700712	Marionette	WARN	Ignoring event 'pageshow' because document has an invalid readyState of 'uninitialized'.
JavaScript warning: https://pagead2.googlesyndication.com/bg/Dtt_-LR3WxpzwV0Gscftq1A_D1owstvxoTnWWhwY4Ow.js line 2 > eval line 3117 > eval line 1 > eval line 1 > eval, line 1: WEBGL_debug_renderer_info is deprecated in Firefox and will be removed. Please use RENDERER.
JavaScript error: https://demoqa.com/bundle.js, line 79: InternalError: too much recursion
1703036710714	Marionette	WARN	TimedPromise timed out after 500 ms: stacktrace:
TimedPromise/<@chrome://remote/content/marionette/sync.sys.mjs:219:24
TimedPromise@chrome://remote/content/marionette/sync.sys.mjs:203:10
interaction.flushEventLoop@chrome://remote/content/marionette/interaction.sys.mjs:466:10
webdriverClickElement@chrome://remote/content/marionette/interaction.sys.mjs:219:33
1703036711162	Marionette	INFO	Stopped listening on port 49661
JavaScript warning: https://jsc.mgid.com/a/d/ad.plus.1461777.es6.js, line 102: Script terminated by timeout at:
Oi</_createWorker/<@https://jsc.mgid.com/a/d/ad.plus.1461777.es6.js:102:33619
Oi</_createWorker/</this.app.context._mgqi<@https://jsc.mgid.com/a/d/ad.plus.1461777.es6.js:102:34325

JavaScript warning: https://tags.crwdcntrl.net/lt/c/16589/sync.min.js, line 1: Script terminated by timeout at:
get@https://tags.crwdcntrl.net/lt/c/16589/sync.min.js:1:22121
sync16589_2.prototype.O@https://tags.crwdcntrl.net/lt/c/16589/sync.min.js:1:30572
sync16589_2.prototype.O/<@https://tags.crwdcntrl.net/lt/c/16589/sync.min.js:1:30612

Dynamically enable window occlusion 1
JavaScript error: , line 0: TypeError: NetworkError when attempting to fetch resource.
JavaScript error: , line 0: TypeError: NetworkError when attempting to fetch resource.
1703036982392	geckodriver	INFO	Listening on 127.0.0.1:50074
1703036985428	mozrunner::runner	INFO	Running command: "C:\\Program Files\\Mozilla Firefox\\firefox.exe" "--marionette" "--remote-debugging-port" "50075" "--remote-allow-hosts" "localhost" "-no-remote" "-profile" "C:\\Users\\User\\AppData\\Local\\Temp\\rust_mozprofileYs42Ji"
console.warn: services.settings: Ignoring preference override of remote settings server
console.warn: services.settings: Allow by setting MOZ_REMOTE_SETTINGS_DEVTOOLS=1 in the environment
1703036985697	Marionette	INFO	Marionette enabled
Dynamically enable window occlusion 0
1703036985752	Marionette	INFO	Listening on port 50083
WebDriver BiDi listening on ws://127.0.0.1:50075
Read port: 50083
1703036985880	RemoteAgent	WARN	TLS certificate errors will be ignored for this session
DevTools listening on ws://127.0.0.1:50075/devtools/browser/06d63a0f-9876-46f2-86fa-44df6e825241
JavaScript error: resource://gre/modules/XULStore.sys.mjs, line 60: Error: Can't find profile directory.
JavaScript error: https://cdn.ad.plus/player/adplus.js, line 414: TypeError: c(...).setup is not a function
1703036992263	Marionette	WARN	Ignoring event 'pageshow' because document has an invalid readyState of 'uninitialized'.
1703036993045	Marionette	WARN	Ignoring event 'pageshow' because document has an invalid readyState of 'uninitialized'.
JavaScript warning: https://pagead2.googlesyndication.com/bg/Dtt_-LR3WxpzwV0Gscftq1A_D1owstvxoTnWWhwY4Ow.js line 2 > eval line 1953 > eval line 1 > eval line 1 > eval, line 1: WEBGL_debug_renderer_info is deprecated in Firefox and will be removed. Please use RENDERER.
1703036994849	Marionette	INFO	Stopped listening on port 50083
JavaScript warning: https://jsc.mgid.com/a/d/ad.plus.1461776.es6.js, line 109: Script terminated by timeout at:
Oi</_createWorker/</this.app.context._mgqi<@https://jsc.mgid.com/a/d/ad.plus.1461776.es6.js:109:37361

JavaScript warning: https://tpc.googlesyndication.com/sodar/sodar2.js, line 36: Script terminated by timeout at:
Ia/</</h.port1.onmessage@https://tpc.googlesyndication.com/sodar/sodar2.js:36:208

Dynamically enable window occlusion 1
JavaScript error: , line 0: TypeError: NetworkError when attempting to fetch resource.
JavaScript error: , line 0: TypeError: NetworkError when attempting to fetch resource.
1703037373671	geckodriver	INFO	Listening on 127.0.0.1:50493
1703037376729	mozrunner::runner	INFO	Running command: "C:\\Program Files\\Mozilla Firefox\\firefox.exe" "--marionette" "--remote-debugging-port" "50494" "--remote-allow-hosts" "localhost" "-no-remote" "-profile" "C:\\Users\\User\\AppData\\Local\\Temp\\rust_mozprofileCiUFX9"
console.warn: services.settings: Ignoring preference override of remote settings server
console.warn: services.settings: Allow by setting MOZ_REMOTE_SETTINGS_DEVTOOLS=1 in the environment
1703037376997	Marionette	INFO	Marionette enabled
Dynamically enable window occlusion 0
1703037377053	Marionette	INFO	Listening on port 50501
WebDriver BiDi listening on ws://127.0.0.1:50494
Read port: 50501
1703037377182	RemoteAgent	WARN	TLS certificate errors will be ignored for this session
DevTools listening on ws://127.0.0.1:50494/devtools/browser/f02ad2eb-07d3-4f3b-b6b6-ab21e18e37bf
JavaScript error: resource://gre/modules/XULStore.sys.mjs, line 60: Error: Can't find profile directory.
JavaScript error: https://cdn.ad.plus/player/adplus.js, line 414: TypeError: c(...).setup is not a function
1703037383041	Marionette	WARN	Ignoring event 'pageshow' because document has an invalid readyState of 'uninitialized'.
1703037383698	Marionette	WARN	Ignoring event 'pageshow' because document has an invalid readyState of 'uninitialized'.
JavaScript warning: https://pagead2.googlesyndication.com/bg/Dtt_-LR3WxpzwV0Gscftq1A_D1owstvxoTnWWhwY4Ow.js line 2 > eval line 473 > eval line 1 > eval line 1 > eval, line 1: WEBGL_debug_renderer_info is deprecated in Firefox and will be removed. Please use RENDERER.
1703037385233	Marionette	INFO	Stopped listening on port 50501
JavaScript warning: https://jsc.mgid.com/a/d/ad.plus.1461776.es6.js, line 109: Script terminated by timeout at:
Oi</_createWorker/</this.app.context._mgqi<@https://jsc.mgid.com/a/d/ad.plus.1461776.es6.js:109:37361

JavaScript warning: https://tpc.googlesyndication.com/sodar/sodar2.js, line 36: Script terminated by timeout at:
Ia/</</h.port1.onmessage@https://tpc.googlesyndication.com/sodar/sodar2.js:36:208

JavaScript warning: https://ads.pubmatic.com/AdServer/js/user_sync.html?&p=156423&us_privacy=&predirect=https%3A%2F%2Fevents-ssc.33across.com%2Fmatch%3Fliv%3Dh%26us_privacy%3D%26bidder_id%3D25%26external_user_id%3D, line 1: Script terminated by timeout at:
q@https://ads.pubmatic.com/AdServer/js/user_sync.html?&p=156423&us_privacy=&predirect=https%3A%2F%2Fevents-ssc.33across.com%2Fmatch%3Fliv%3Dh%26us_privacy%3D%26bidder_id%3D25%26external_user_id%3D:1:9870
al@https://ads.pubmatic.com/AdServer/js/user_sync.html?&p=156423&us_privacy=&predirect=https%3A%2F%2Fevents-ssc.33across.com%2Fmatch%3Fliv%3Dh%26us_privacy%3D%26bidder_id%3D25%26external_user_id%3D:1:14043
l/<@https://ads.pubmatic.com/AdServer/js/user_sync.html?&p=156423&us_privacy=&predirect=https%3A%2F%2Fevents-ssc.33across.com%2Fmatch%3Fliv%3Dh%26us_privacy%3D%26bidder_id%3D25%26external_user_id%3D:1:14765

Dynamically enable window occlusion 1
JavaScript error: , line 0: TypeError: NetworkError when attempting to fetch resource.
JavaScript error: , line 0: TypeError: NetworkError when attempting to fetch resource.
JavaScript error: , line 0: TypeError: NetworkError when attempting to fetch resource.
JavaScript error: , line 0: TypeError: NetworkError when attempting to fetch resource.
1703037486211	geckodriver	INFO	Listening on 127.0.0.1:50764
1703037489299	mozrunner::runner	INFO	Running command: "C:\\Program Files\\Mozilla Firefox\\firefox.exe" "--marionette" "--remote-debugging-port" "50765" "--remote-allow-hosts" "localhost" "-no-remote" "-profile" "C:\\Users\\User\\AppData\\Local\\Temp\\rust_mozprofiledg7DWh"
console.warn: services.settings: Ignoring preference override of remote settings server
console.warn: services.settings: Allow by setting MOZ_REMOTE_SETTINGS_DEVTOOLS=1 in the environment
1703037489578	Marionette	INFO	Marionette enabled
Dynamically enable window occlusion 0
1703037489634	Marionette	INFO	Listening on port 50772
Read port: 50772
WebDriver BiDi listening on ws://127.0.0.1:50765
1703037489688	RemoteAgent	WARN	TLS certificate errors will be ignored for this session
DevTools listening on ws://127.0.0.1:50765/devtools/browser/988dac9e-dec3-4fda-909d-ee162654fc39
JavaScript error: resource://gre/modules/XULStore.sys.mjs, line 60: Error: Can't find profile directory.
JavaScript error: https://cdn.ad.plus/player/adplus.js, line 414: TypeError: c(...).setup is not a function
1703037495599	Marionette	WARN	Ignoring event 'pageshow' because document has an invalid readyState of 'uninitialized'.
1703037496826	Marionette	WARN	Ignoring event 'pageshow' because document has an invalid readyState of 'uninitialized'.
JavaScript warning: https://www.googletagmanager.com/gtag/js?id=G-MVRXK93D28&l=dataLayer&cx=c, line 480: Script terminated by timeout at:
aa.wh@https://www.googletagmanager.com/gtag/js?id=G-MVRXK93D28&l=dataLayer&cx=c:480:89
get@https://www.googletagmanager.com/gtag/js?id=G-MVRXK93D28&l=dataLayer&cx=c:478:119
stop@https://www.googletagmanager.com/gtag/js?id=G-MVRXK93D28&l=dataLayer&cx=c:478:87
aa.Jk/c/<@https://www.googletagmanager.com/gtag/js?id=G-MVRXK93D28&l=dataLayer&cx=c:478:412

1703037513886	Marionette	INFO	Stopped listening on port 50772
Dynamically enable window occlusion 1
JavaScript error: , line 0: TypeError: NetworkError when attempting to fetch resource.
1703037583609	geckodriver	INFO	Listening on 127.0.0.1:51103
1703037586643	mozrunner::runner	INFO	Running command: "C:\\Program Files\\Mozilla Firefox\\firefox.exe" "--marionette" "--remote-debugging-port" "51104" "--remote-allow-hosts" "localhost" "-no-remote" "-profile" "C:\\Users\\User\\AppData\\Local\\Temp\\rust_mozprofileQ57Uvq"
console.warn: services.settings: Ignoring preference override of remote settings server
console.warn: services.settings: Allow by setting MOZ_REMOTE_SETTINGS_DEVTOOLS=1 in the environment
1703037586912	Marionette	INFO	Marionette enabled
Dynamically enable window occlusion 0
1703037586972	Marionette	INFO	Listening on port 51113
WebDriver BiDi listening on ws://127.0.0.1:51104
Read port: 51113
1703037587167	RemoteAgent	WARN	TLS certificate errors will be ignored for this session
DevTools listening on ws://127.0.0.1:51104/devtools/browser/7a3e4f7d-971a-4901-a351-b1ac79583b42
JavaScript error: resource://gre/modules/XULStore.sys.mjs, line 60: Error: Can't find profile directory.
JavaScript warning: https://pagead2.googlesyndication.com/bg/Dtt_-LR3WxpzwV0Gscftq1A_D1owstvxoTnWWhwY4Ow.js line 2 > eval line 6701 > eval line 1 > eval line 1 > eval, line 1: WEBGL_debug_renderer_info is deprecated in Firefox and will be removed. Please use RENDERER.
JavaScript error: https://cdn.ad.plus/player/adplus.js, line 414: TypeError: c(...).setup is not a function
JavaScript warning: https://pagead2.googlesyndication.com/bg/Dtt_-LR3WxpzwV0Gscftq1A_D1owstvxoTnWWhwY4Ow.js line 2 > eval line 299 > eval line 1 > eval line 1 > eval, line 1: WEBGL_debug_renderer_info is deprecated in Firefox and will be removed. Please use RENDERER.
1703037593460	Marionette	INFO	Stopped listening on port 51113
JavaScript warning: https://jsc.mgid.com/a/d/ad.plus.1461776.es6.js, line 109: Script terminated by timeout at:
Oi</_createWorker/</this.app.context._mgqi<@https://jsc.mgid.com/a/d/ad.plus.1461776.es6.js:109:37361

JavaScript warning: https://tags.crwdcntrl.net/lt/c/16589/sync.min.js, line 1: Script terminated by timeout at:
sync16589_2.prototype.O/<@https://tags.crwdcntrl.net/lt/c/16589/sync.min.js:1:30610

Dynamically enable window occlusion 1
JavaScript error: , line 0: TypeError: NetworkError when attempting to fetch resource.
JavaScript error: , line 0: TypeError: NetworkError when attempting to fetch resource.
1703037647066	geckodriver	INFO	Listening on 127.0.0.1:51392
1703037650131	mozrunner::runner	INFO	Running command: "C:\\Program Files\\Mozilla Firefox\\firefox.exe" "--marionette" "--remote-debugging-port" "51393" "--remote-allow-hosts" "localhost" "-no-remote" "-profile" "C:\\Users\\User\\AppData\\Local\\Temp\\rust_mozprofileVSp7bs"
console.warn: services.settings: Ignoring preference override of remote settings server
console.warn: services.settings: Allow by setting MOZ_REMOTE_SETTINGS_DEVTOOLS=1 in the environment
1703037650399	Marionette	INFO	Marionette enabled
Dynamically enable window occlusion 0
1703037650454	Marionette	INFO	Listening on port 51402
WebDriver BiDi listening on ws://127.0.0.1:51393
Read port: 51402
1703037650581	RemoteAgent	WARN	TLS certificate errors will be ignored for this session
DevTools listening on ws://127.0.0.1:51393/devtools/browser/0deef7ab-c45d-458b-8759-54ce3817ecf3
JavaScript error: resource://gre/modules/XULStore.sys.mjs, line 60: Error: Can't find profile directory.
JavaScript error: https://cdn.ad.plus/player/adplus.js, line 414: TypeError: c(...).setup is not a function
1703037656665	Marionette	WARN	Ignoring event 'pageshow' because document has an invalid readyState of 'uninitialized'.
1703037657494	Marionette	WARN	Ignoring event 'pageshow' because document has an invalid readyState of 'uninitialized'.
JavaScript warning: https://pagead2.googlesyndication.com/bg/Dtt_-LR3WxpzwV0Gscftq1A_D1owstvxoTnWWhwY4Ow.js line 2 > eval line 3396 > eval line 1 > eval line 1 > eval, line 1: WEBGL_debug_renderer_info is deprecated in Firefox and will be removed. Please use RENDERER.
1703037658814	Marionette	INFO	Stopped listening on port 51402
JavaScript warning: https://jsc.mgid.com/a/d/ad.plus.1461777.es6.js, line 102: Script terminated by timeout at:
Oi</_createWorker/</this.app.context._mgqi<@https://jsc.mgid.com/a/d/ad.plus.1461777.es6.js:102:34100

JavaScript warning: https://tpc.googlesyndication.com/sodar/sodar2.js, line 36: Script terminated by timeout at:
Ia/</</h.port1.onmessage@https://tpc.googlesyndication.com/sodar/sodar2.js:36:208

Dynamically enable window occlusion 1
JavaScript error: , line 0: TypeError: NetworkError when attempting to fetch resource.
JavaScript error: , line 0: TypeError: NetworkError when attempting to fetch resource.
JavaScript error: , line 0: TypeError: NetworkError when attempting to fetch resource.
JavaScript error: , line 0: TypeError: NetworkError when attempting to fetch resource.
1703037922639	geckodriver	INFO	Listening on 127.0.0.1:51832
1703037925697	mozrunner::runner	INFO	Running command: "C:\\Program Files\\Mozilla Firefox\\firefox.exe" "--marionette" "--remote-debugging-port" "51833" "--remote-allow-hosts" "localhost" "-no-remote" "-profile" "C:\\Users\\User\\AppData\\Local\\Temp\\rust_mozprofileA2UVKK"
console.warn: services.settings: Ignoring preference override of remote settings server
console.warn: services.settings: Allow by setting MOZ_REMOTE_SETTINGS_DEVTOOLS=1 in the environment
1703037925979	Marionette	INFO	Marionette enabled
Dynamically enable window occlusion 0
1703037926041	Marionette	INFO	Listening on port 51841
WebDriver BiDi listening on ws://127.0.0.1:51833
Read port: 51841
1703037926197	RemoteAgent	WARN	TLS certificate errors will be ignored for this session
DevTools listening on ws://127.0.0.1:51833/devtools/browser/067e30d5-3282-4311-b3aa-ad9b954fe093
JavaScript error: resource://gre/modules/XULStore.sys.mjs, line 60: Error: Can't find profile directory.
JavaScript error: https://cdn.ad.plus/player/adplus.js, line 414: TypeError: c(...).setup is not a function
1703037932378	Marionette	WARN	Ignoring event 'pageshow' because document has an invalid readyState of 'uninitialized'.
JavaScript warning: https://pagead2.googlesyndication.com/bg/Dtt_-LR3WxpzwV0Gscftq1A_D1owstvxoTnWWhwY4Ow.js line 2 > eval line 505 > eval line 1 > eval line 1 > eval, line 1: WEBGL_debug_renderer_info is deprecated in Firefox and will be removed. Please use RENDERER.
1703037937996	Marionette	INFO	Stopped listening on port 51841
JavaScript warning: https://jsc.mgid.com/a/d/ad.plus.1461777.es6.js, line 102: Script terminated by timeout at:
Oi</_createWorker/</this.app.context._mgqi<@https://jsc.mgid.com/a/d/ad.plus.1461777.es6.js:102:34100

JavaScript warning: https://tpc.googlesyndication.com/sodar/sodar2.js, line 36: Script terminated by timeout at:
Ia/</</h.port1.onmessage@https://tpc.googlesyndication.com/sodar/sodar2.js:36:208

Dynamically enable window occlusion 1
JavaScript error: , line 0: TypeError: NetworkError when attempting to fetch resource.
JavaScript error: , line 0: TypeError: NetworkError when attempting to fetch resource.
JavaScript error: , line 0: TypeError: NetworkError when attempting to fetch resource.
1703038204557	geckodriver	INFO	Listening on 127.0.0.1:52203
1703038207628	mozrunner::runner	INFO	Running command: "C:\\Program Files\\Mozilla Firefox\\firefox.exe" "--marionette" "--remote-debugging-port" "52204" "--remote-allow-hosts" "localhost" "-no-remote" "-profile" "C:\\Users\\User\\AppData\\Local\\Temp\\rust_mozprofile28Bny9"
console.warn: services.settings: Ignoring preference override of remote settings server
console.warn: services.settings: Allow by setting MOZ_REMOTE_SETTINGS_DEVTOOLS=1 in the environment
1703038207895	Marionette	INFO	Marionette enabled
Dynamically enable window occlusion 0
1703038207950	Marionette	INFO	Listening on port 52215
WebDriver BiDi listening on ws://127.0.0.1:52204
Read port: 52215
1703038208076	RemoteAgent	WARN	TLS certificate errors will be ignored for this session
DevTools listening on ws://127.0.0.1:52204/devtools/browser/d1f78630-0511-43ae-b857-139fededa01c
JavaScript error: resource://gre/modules/XULStore.sys.mjs, line 60: Error: Can't find profile directory.
JavaScript error: https://cdn.ad.plus/player/adplus.js, line 414: TypeError: c(...).setup is not a function
1703038214460	Marionette	WARN	Ignoring event 'pageshow' because document has an invalid readyState of 'uninitialized'.
1703038215592	Marionette	WARN	Ignoring event 'pageshow' because document has an invalid readyState of 'uninitialized'.
JavaScript warning: https://pagead2.googlesyndication.com/bg/Dtt_-LR3WxpzwV0Gscftq1A_D1owstvxoTnWWhwY4Ow.js line 2 > eval line 288 > eval line 1 > eval line 1 > eval, line 1: WEBGL_debug_renderer_info is deprecated in Firefox and will be removed. Please use RENDERER.
1703038219219	Marionette	INFO	Stopped listening on port 52215
JavaScript warning: https://jsc.mgid.com/a/d/ad.plus.1461776.es6.js, line 237: Script terminated by timeout at:
Vs</_init/t<@https://jsc.mgid.com/a/d/ad.plus.1461776.es6.js:237:15335

JavaScript warning: https://tpc.googlesyndication.com/sodar/sodar2.js, line 36: Script terminated by timeout at:
Ia/</</h.port1.onmessage@https://tpc.googlesyndication.com/sodar/sodar2.js:36:208

JavaScript warning: https://ads.pubmatic.com/AdServer/js/user_sync.html?&p=156423&us_privacy=&predirect=https%3A%2F%2Fevents-ssc.33across.com%2Fmatch%3Fliv%3Dh%26us_privacy%3D%26bidder_id%3D25%26external_user_id%3D, line 1: Script terminated by timeout at:
aq@https://ads.pubmatic.com/AdServer/js/user_sync.html?&p=156423&us_privacy=&predirect=https%3A%2F%2Fevents-ssc.33across.com%2Fmatch%3Fliv%3Dh%26us_privacy%3D%26bidder_id%3D25%26external_user_id%3D:1:10927
l/<@https://ads.pubmatic.com/AdServer/js/user_sync.html?&p=156423&us_privacy=&predirect=https%3A%2F%2Fevents-ssc.33across.com%2Fmatch%3Fliv%3Dh%26us_privacy%3D%26bidder_id%3D25%26external_user_id%3D:1:14713

Dynamically enable window occlusion 1
JavaScript error: , line 0: TypeError: NetworkError when attempting to fetch resource.
JavaScript error: , line 0: TypeError: NetworkError when attempting to fetch resource.
JavaScript error: , line 0: TypeError: NetworkError when attempting to fetch resource.
JavaScript error: , line 0: TypeError: NetworkError when attempting to fetch resource.
1703038262930	geckodriver	INFO	Listening on 127.0.0.1:52515
1703038266005	mozrunner::runner	INFO	Running command: "C:\\Program Files\\Mozilla Firefox\\firefox.exe" "--marionette" "--remote-debugging-port" "52516" "--remote-allow-hosts" "localhost" "-no-remote" "-profile" "C:\\Users\\User\\AppData\\Local\\Temp\\rust_mozprofile53lmuQ"
console.warn: services.settings: Ignoring preference override of remote settings server
console.warn: services.settings: Allow by setting MOZ_REMOTE_SETTINGS_DEVTOOLS=1 in the environment
1703038266271	Marionette	INFO	Marionette enabled
Dynamically enable window occlusion 0
1703038266326	Marionette	INFO	Listening on port 52524
WebDriver BiDi listening on ws://127.0.0.1:52516
Read port: 52524
1703038266452	RemoteAgent	WARN	TLS certificate errors will be ignored for this session
DevTools listening on ws://127.0.0.1:52516/devtools/browser/08bec5e0-8596-473a-ab58-22084d3cc235
JavaScript error: resource://gre/modules/XULStore.sys.mjs, line 60: Error: Can't find profile directory.
JavaScript error: https://cdn.ad.plus/player/adplus.js, line 414: TypeError: c(...).setup is not a function
1703038272596	Marionette	WARN	Ignoring event 'pageshow' because document has an invalid readyState of 'uninitialized'.
JavaScript warning: https://pagead2.googlesyndication.com/bg/Dtt_-LR3WxpzwV0Gscftq1A_D1owstvxoTnWWhwY4Ow.js line 2 > eval line 7193 > eval line 1 > eval line 1 > eval, line 1: WEBGL_debug_renderer_info is deprecated in Firefox and will be removed. Please use RENDERER.
1703038274412	Marionette	INFO	Stopped listening on port 52524
JavaScript warning: https://jsc.mgid.com/a/d/ad.plus.1461776.es6.js, line 109: Script terminated by timeout at:
Oi</_createWorker/</this.app.context._mgqi<@https://jsc.mgid.com/a/d/ad.plus.1461776.es6.js:109:37361

JavaScript warning: https://ads.pubmatic.com/AdServer/js/user_sync.html?&p=156423&us_privacy=&predirect=https%3A%2F%2Fevents-ssc.33across.com%2Fmatch%3Fliv%3Dh%26us_privacy%3D%26bidder_id%3D25%26external_user_id%3D, line 1: Script terminated by timeout at:
aq@https://ads.pubmatic.com/AdServer/js/user_sync.html?&p=156423&us_privacy=&predirect=https%3A%2F%2Fevents-ssc.33across.com%2Fmatch%3Fliv%3Dh%26us_privacy%3D%26bidder_id%3D25%26external_user_id%3D:1:10927
l/<@https://ads.pubmatic.com/AdServer/js/user_sync.html?&p=156423&us_privacy=&predirect=https%3A%2F%2Fevents-ssc.33across.com%2Fmatch%3Fliv%3Dh%26us_privacy%3D%26bidder_id%3D25%26external_user_id%3D:1:14713

Dynamically enable window occlusion 1
JavaScript error: , line 0: TypeError: NetworkError when attempting to fetch resource.
JavaScript error: , line 0: TypeError: NetworkError when attempting to fetch resource.
JavaScript error: , line 0: TypeError: NetworkError when attempting to fetch resource.
1703038843377	geckodriver	INFO	Listening on 127.0.0.1:53091
1703038846446	mozrunner::runner	INFO	Running command: "C:\\Program Files\\Mozilla Firefox\\firefox.exe" "--marionette" "--remote-debugging-port" "53092" "--remote-allow-hosts" "localhost" "-no-remote" "-profile" "C:\\Users\\User\\AppData\\Local\\Temp\\rust_mozprofilepRxHJ4"
console.warn: services.settings: Ignoring preference override of remote settings server
console.warn: services.settings: Allow by setting MOZ_REMOTE_SETTINGS_DEVTOOLS=1 in the environment
1703038846719	Marionette	INFO	Marionette enabled
Dynamically enable window occlusion 0
1703038846776	Marionette	INFO	Listening on port 53101
WebDriver BiDi listening on ws://127.0.0.1:53092
Read port: 53101
1703038846930	RemoteAgent	WARN	TLS certificate errors will be ignored for this session
DevTools listening on ws://127.0.0.1:53092/devtools/browser/9e5d551e-b0cd-4334-be2c-26d49d4be893
JavaScript error: resource://gre/modules/XULStore.sys.mjs, line 60: Error: Can't find profile directory.
JavaScript error: https://cdn.ad.plus/player/adplus.js, line 414: TypeError: c(...).setup is not a function
1703038852679	Marionette	WARN	Ignoring event 'pageshow' because document has an invalid readyState of 'uninitialized'.
1703038853422	Marionette	WARN	Ignoring event 'pageshow' because document has an invalid readyState of 'uninitialized'.
JavaScript warning: https://pagead2.googlesyndication.com/bg/Dtt_-LR3WxpzwV0Gscftq1A_D1owstvxoTnWWhwY4Ow.js line 2 > eval line 7568 > eval line 1 > eval line 1 > eval, line 1: WEBGL_debug_renderer_info is deprecated in Firefox and will be removed. Please use RENDERER.
1703038854529	Marionette	INFO	Stopped listening on port 53101
JavaScript warning: https://jsc.mgid.com/a/d/ad.plus.1461776.es6.js, line 109: Script terminated by timeout at:
Oi</_createWorker/</this.app.context._mgqi<@https://jsc.mgid.com/a/d/ad.plus.1461776.es6.js:109:37361

JavaScript warning: https://tpc.googlesyndication.com/sodar/sodar2.js, line 36: Script terminated by timeout at:
Ia/</</h.port1.onmessage@https://tpc.googlesyndication.com/sodar/sodar2.js:36:208

Dynamically enable window occlusion 1
JavaScript error: , line 0: TypeError: NetworkError when attempting to fetch resource.
JavaScript error: , line 0: TypeError: NetworkError when attempting to fetch resource.
JavaScript error: , line 0: TypeError: NetworkError when attempting to fetch resource.
1703039002808	geckodriver	INFO	Listening on 127.0.0.1:53383
1703039005861	mozrunner::runner	INFO	Running command: "C:\\Program Files\\Mozilla Firefox\\firefox.exe" "--marionette" "--remote-debugging-port" "53384" "--remote-allow-hosts" "localhost" "-no-remote" "-profile" "C:\\Users\\User\\AppData\\Local\\Temp\\rust_mozprofileUxewhS"
console.warn: services.settings: Ignoring preference override of remote settings server
console.warn: services.settings: Allow by setting MOZ_REMOTE_SETTINGS_DEVTOOLS=1 in the environment
1703039006123	Marionette	INFO	Marionette enabled
Dynamically enable window occlusion 0
1703039006179	Marionette	INFO	Listening on port 53393
WebDriver BiDi listening on ws://127.0.0.1:53384
Read port: 53393
1703039006307	RemoteAgent	WARN	TLS certificate errors will be ignored for this session
DevTools listening on ws://127.0.0.1:53384/devtools/browser/88a66f98-b85a-472a-bc7f-7ccbcfc4b381
JavaScript error: resource://gre/modules/XULStore.sys.mjs, line 60: Error: Can't find profile directory.
JavaScript warning: https://pagead2.googlesyndication.com/bg/Dtt_-LR3WxpzwV0Gscftq1A_D1owstvxoTnWWhwY4Ow.js line 2 > eval line 4047 > eval line 1 > eval line 1 > eval, line 1: WEBGL_debug_renderer_info is deprecated in Firefox and will be removed. Please use RENDERER.
JavaScript error: https://cdn.ad.plus/player/adplus.js, line 414: TypeError: c(...).setup is not a function
1703039012434	Marionette	WARN	Ignoring event 'pageshow' because document has an invalid readyState of 'uninitialized'.
1703039013188	Marionette	WARN	Ignoring event 'pageshow' because document has an invalid readyState of 'uninitialized'.
JavaScript warning: https://pagead2.googlesyndication.com/bg/Dtt_-LR3WxpzwV0Gscftq1A_D1owstvxoTnWWhwY4Ow.js line 2 > eval line 4843 > eval line 1 > eval line 1 > eval, line 1: WEBGL_debug_renderer_info is deprecated in Firefox and will be removed. Please use RENDERER.
1703039014512	Marionette	INFO	Stopped listening on port 53393
JavaScript warning: https://jsc.mgid.com/a/d/ad.plus.1461777.es6.js, line 102: Script terminated by timeout at:
Oi</_createWorker/</this.app.context._mgqi<@https://jsc.mgid.com/a/d/ad.plus.1461777.es6.js:102:34100

JavaScript warning: https://tags.crwdcntrl.net/lt/c/16589/sync.min.js, line 1: Script terminated by timeout at:
sync16589_2.prototype.O/<@https://tags.crwdcntrl.net/lt/c/16589/sync.min.js:1:30610

JavaScript warning: https://ads.pubmatic.com/AdServer/js/user_sync.html?&p=156423&us_privacy=&predirect=https%3A%2F%2Fevents-ssc.33across.com%2Fmatch%3Fliv%3Dh%26us_privacy%3D%26bidder_id%3D25%26external_user_id%3D, line 1: Script terminated by timeout at:
q@https://ads.pubmatic.com/AdServer/js/user_sync.html?&p=156423&us_privacy=&predirect=https%3A%2F%2Fevents-ssc.33across.com%2Fmatch%3Fliv%3Dh%26us_privacy%3D%26bidder_id%3D25%26external_user_id%3D:1:9870
al@https://ads.pubmatic.com/AdServer/js/user_sync.html?&p=156423&us_privacy=&predirect=https%3A%2F%2Fevents-ssc.33across.com%2Fmatch%3Fliv%3Dh%26us_privacy%3D%26bidder_id%3D25%26external_user_id%3D:1:14043
l/<@https://ads.pubmatic.com/AdServer/js/user_sync.html?&p=156423&us_privacy=&predirect=https%3A%2F%2Fevents-ssc.33across.com%2Fmatch%3Fliv%3Dh%26us_privacy%3D%26bidder_id%3D25%26external_user_id%3D:1:14765

Dynamically enable window occlusion 1
JavaScript error: , line 0: TypeError: NetworkError when attempting to fetch resource.
JavaScript error: , line 0: TypeError: NetworkError when attempting to fetch resource.
JavaScript error: , line 0: TypeError: NetworkError when attempting to fetch resource.
JavaScript error: , line 0: TypeError: NetworkError when attempting to fetch resource.
